c:\users\mohammed\desktop\voice waves\voice waves\voice waves\debug\vc120.pdb
c:\users\mohammed\desktop\voice waves\voice waves\voice waves\debug\vec3f.obj
c:\users\mohammed\desktop\voice waves\voice waves\voice waves\debug\physics .obj
c:\users\mohammed\desktop\voice waves\voice waves\voice waves\debug\.netframework,version=v4.0.assemblyattributes.obj
c:\users\mohammed\desktop\voice waves\voice waves\voice waves\debug\main.obj
c:\users\mohammed\desktop\voice waves\voice waves\voice waves\debug\myform.obj
c:\users\mohammed\desktop\voice waves\voice waves\debug\voice waves.exe
c:\users\mohammed\desktop\voice waves\voice waves\debug\voice waves.pdb
c:\users\mohammed\desktop\voice waves\voice waves\voice waves\debug\voicewaves.myform.resources
c:\users\mohammed\desktop\voice waves\voice waves\voice waves\debug\voice waves.vcxproj.generateresource.cache
c:\users\mohammed\desktop\voice waves\voice waves\voice waves\debug\voice waves.tlog\cl.command.1.tlog
c:\users\mohammed\desktop\voice waves\voice waves\voice waves\debug\voice waves.tlog\cl.read.1.tlog
c:\users\mohammed\desktop\voice waves\voice waves\voice waves\debug\voice waves.tlog\cl.write.1.tlog
c:\users\mohammed\desktop\voice waves\voice waves\voice waves\debug\voice waves.tlog\link.command.1.tlog
c:\users\mohammed\desktop\voice waves\voice waves\voice waves\debug\voice waves.tlog\link.read.1.tlog
c:\users\mohammed\desktop\voice waves\voice waves\voice waves\debug\voice waves.tlog\link.write.1.tlog
c:\users\mohammed\desktop\voice waves\voice waves\voice waves\debug\voice waves.tlog\metagen.read.1.tlog
c:\users\mohammed\desktop\voice waves\voice waves\voice waves\debug\voice waves.tlog\metagen.write.1.tlog
c:\users\mohammed\desktop\voice waves\voice waves\voice waves\debug\voice waves.tlog\voice waves.write.1u.tlog
c:\users\mohammed\desktop\voice waves\voice waves\voice waves\debug\voice waves.tlog\tzres.dll.bi
